<?xml version="1.0" encoding="UTF-8"?>
<!-- Generated by org.testng.reporters.JUnitReportReporter -->
<testsuite hostname="Gurdeeps-MacBook-Pro.local" failures="0" tests="1" name="com.herokuapp.theinternet.NegativeTests" time="3.060" errors="0" timestamp="2020-04-16T21:48:03 GMT-04:00" skipped="0">
  <testcase classname="com.herokuapp.theinternet.NegativeTests" name="incorrectUsername" time="3.060"/>
  <system-out/>
</testsuite> <!-- com.herokuapp.theinternet.NegativeTests -->
