<?xml version="1.0" encoding="UTF-8"?>
<!-- Generated by org.testng.reporters.JUnitReportReporter -->
<testsuite hostname="Gurdeeps-MacBook-Pro.local" failures="0" tests="1" name="com.herokuapp.theinternet.ExceptionTests" time="12.570" errors="0" timestamp="2020-04-19T21:22:29 GMT-04:00" skipped="0">
  <testcase classname="com.herokuapp.theinternet.ExceptionTests" name="test" time="12.570"/>
  <system-out/>
</testsuite> <!-- com.herokuapp.theinternet.ExceptionTests -->
