<?xml version="1.0" encoding="UTF-8"?>
<!-- Generated by org.testng.reporters.JUnitReportReporter -->
<testsuite hostname="Gurdeeps-MacBook-Pro.local" failures="0" tests="1" name="com.herokuapp.theinternet.PositiveTests" time="17.808" errors="0" timestamp="2020-04-16T00:37:20 GMT-04:00" skipped="0">
  <testcase classname="com.herokuapp.theinternet.PositiveTests" name="loginTest" time="17.808"/>
  <system-out/>
</testsuite> <!-- com.herokuapp.theinternet.PositiveTests -->
